<?xml version="1.0" encoding="UTF-8"?>
<!-- Generated by org.testng.reporters.JUnitXMLReporter -->
<testsuite hostname="HOME-PC" name="Test" tests="4" failures="0" timestamp="8 Jun 2021 10:50:15 GMT" time="302.325" errors="0">
  <testcase name="TC_MultiplicationOfTwoNumbers" time="255.154" classname="TestCases.TC_Multiply"/>
  <testcase name="TC_DivisionOfTwoNumbers" time="260.029" classname="TestCases.TC_Division"/>
  <testcase name="TC_AdditionOfTwoNumbers" time="289.855" classname="TestCases.TC_Addition"/>
  <testcase name="TC_SubtractionOfTwoNumbers" time="301.981" classname="TestCases.TC_Subtraction"/>
</testsuite> <!-- Test -->
