<?xml version="1.0" encoding="UTF-8"?>
<testng-results skipped="0" failed="0" total="4" passed="4">
  <reporter-output>
  </reporter-output>
  <suite name="CalculatorSuite" duration-ms="302325" started-at="2021-06-08T10:45:11Z" finished-at="2021-06-08T10:50:13Z">
    <groups>
    </groups>
    <test name="Test" duration-ms="302325" started-at="2021-06-08T10:45:11Z" finished-at="2021-06-08T10:50:13Z">
      <class name="TestCases.TC_Division">
        <test-method status="PASS" signature="TC_DivisionOfTwoNumbers()[pri:0, instance:TestCases.TC_Division@91161c7]" name="TC_DivisionOfTwoNumbers" duration-ms="260029" started-at="2021-06-08T16:15:11Z" finished-at="2021-06-08T16:19:31Z">
          <reporter-output>
          </reporter-output>
        </test-method> <!-- TC_DivisionOfTwoNumbers -->
      </class> <!-- TestCases.TC_Division -->
      <class name="TestCases.TC_Subtraction">
        <test-method status="PASS" signature="TC_SubtractionOfTwoNumbers()[pri:0, instance:TestCases.TC_Subtraction@6a4f787b]" name="TC_SubtractionOfTwoNumbers" duration-ms="301981" started-at="2021-06-08T16:15:11Z" finished-at="2021-06-08T16:20:13Z">
          <reporter-output>
          </reporter-output>
        </test-method> <!-- TC_SubtractionOfTwoNumbers -->
      </class> <!-- TestCases.TC_Subtraction -->
      <class name="TestCases.TC_Addition">
        <test-method status="PASS" signature="TC_AdditionOfTwoNumbers()[pri:0, instance:TestCases.TC_Addition@1bce4f0a]" name="TC_AdditionOfTwoNumbers" duration-ms="289855" started-at="2021-06-08T16:15:11Z" finished-at="2021-06-08T16:20:01Z">
          <reporter-output>
          </reporter-output>
        </test-method> <!-- TC_AdditionOfTwoNumbers -->
      </class> <!-- TestCases.TC_Addition -->
      <class name="TestCases.TC_Multiply">
        <test-method status="PASS" signature="TC_MultiplicationOfTwoNumbers()[pri:0, instance:TestCases.TC_Multiply@604ed9f0]" name="TC_MultiplicationOfTwoNumbers" duration-ms="255154" started-at="2021-06-08T16:15:11Z" finished-at="2021-06-08T16:19:26Z">
          <reporter-output>
          </reporter-output>
        </test-method> <!-- TC_MultiplicationOfTwoNumbers -->
      </class> <!-- TestCases.TC_Multiply -->
    </test> <!-- Test -->
  </suite> <!-- CalculatorSuite -->
</testng-results>
